<?xml version="1.0" encoding="UTF-8"?>
<testsuite xmlns:xsi="http://www.w3.org/2001/XMLSchema-instance" xsi:noNamespaceSchemaLocation="https://maven.apache.org/surefire/maven-surefire-plugin/xsd/surefire-test-report.xsd" name="com.sg.superherosightings.dao.HeroDaoDBTest" time="20.929" tests="9" errors="0" skipped="0" failures="0">
  <properties>
[...]
</properties>
  <testcase name="testGetHerosForSuperpower" classname="com.sg.superherosightings.dao.HeroDaoDBTest" time="3.896"/>
  <testcase name="testAddHero" classname="com.sg.superherosightings.dao.HeroDaoDBTest" time="0.15"/>
  <testcase name="testGetAllHeros" classname="com.sg.superherosightings.dao.HeroDaoDBTest" time="0.263"/>
  <testcase name="testUpdateHero" classname="com.sg.superherosightings.dao.HeroDaoDBTest" time="0.414"/>
  <testcase name="testGetHeroForLocation" classname="com.sg.superherosightings.dao.HeroDaoDBTest" time="0.275"/>
  <testcase name="testDeleteHeroById" classname="com.sg.superherosightings.dao.HeroDaoDBTest" time="0.237"/>
  <testcase name="testGetHeroById" classname="com.sg.superherosightings.dao.HeroDaoDBTest" time="0.048"/>
  <testcase name="testGetAndAddHero" classname="com.sg.superherosightings.dao.HeroDaoDBTest" time="0.128"/>
  <testcase name="testGetHeroForSighting" classname="com.sg.superherosightings.dao.HeroDaoDBTest" time="0.302"/>
</testsuite>